<?xml version="1.0" encoding="UTF-8"?>
<testng-results ignored="0" total="1" passed="1" failed="0" skipped="0">
  <reporter-output>
  </reporter-output>
  <suite started-at="2023-11-16T08:22:00 IST" name="Default suite" finished-at="2023-11-16T08:22:14 IST" duration-ms="14035">
    <groups>
    </groups>
    <test started-at="2023-11-16T08:22:00 IST" name="Default test" finished-at="2023-11-16T08:22:14 IST" duration-ms="14035">
      <class name="Dymanic_table.Dynamic_HTML_TABLE">
        <test-method signature="VerfityTableData()[pri:0, instance:Dymanic_table.Dynamic_HTML_TABLE@54c5a2ff]" started-at="2023-11-16T08:22:00 IST" name="VerfityTableData" finished-at="2023-11-16T08:22:14 IST" duration-ms="13924" status="PASS">
          <reporter-output>
          </reporter-output>
        </test-method> <!-- VerfityTableData -->
      </class> <!-- Dymanic_table.Dynamic_HTML_TABLE -->
    </test> <!-- Default test -->
  </suite> <!-- Default suite -->
</testng-results>
